<?xml version="1.0" encoding="UTF-8"?>
<testng-results total="2" passed="2" failed="0" skipped="0">
  <reporter-output>
  </reporter-output>
  <suite started-at="2023-10-18T23:04:40Z" name="Suite" finished-at="2023-10-18T23:05:29Z" duration-ms="49512">
    <groups>
    </groups>
    <test started-at="2023-10-18T23:04:40Z" name="Test" finished-at="2023-10-18T23:05:29Z" duration-ms="49512">
      <class name="test_cases.ExecuteTestZaleniumFirefox">
        <test-method signature="test1()[pri:0, instance:test_cases.ExecuteTestZaleniumFirefox@71e693fa]" started-at="2023-10-19T01:04:40Z" name="test1" finished-at="2023-10-19T01:05:29Z" duration-ms="49479" status="PASS">
          <reporter-output>
          </reporter-output>
        </test-method> <!-- test1 -->
      </class> <!-- test_cases.ExecuteTestZaleniumFirefox -->
      <class name="test_cases.ExecuteTestZaleniumFirefox2">
        <test-method signature="test2()[pri:0, instance:test_cases.ExecuteTestZaleniumFirefox2@225129c]" started-at="2023-10-19T01:04:40Z" name="test2" finished-at="2023-10-19T01:05:23Z" duration-ms="43176" status="PASS">
          <reporter-output>
          </reporter-output>
        </test-method> <!-- test2 -->
      </class> <!-- test_cases.ExecuteTestZaleniumFirefox2 -->
    </test> <!-- Test -->
  </suite> <!-- Suite -->
</testng-results>
